<?xml version="1.0" encoding="UTF-8"?>
<!-- Generated by org.testng.reporters.JUnitReportReporter -->
<testsuite hostname="LAPTOP-7CB9RIFL" failures="0" tests="1" name="com.actitime.testscripts.CustomerModule" time="18.172" errors="0" timestamp="2022-05-07T01:09:34 IST" skipped="0">
  <testcase classname="com.actitime.testscripts.CustomerModule" name="createCustomer" time="18.172"/>
  <system-out>
    <![CDATA[Successfully CreatedHDFC_001]]>
  </system-out>
</testsuite> <!-- com.actitime.testscripts.CustomerModule -->
